[2019-03-13 13:18:07] app.INFO: Register page action dispatched [] {"uid":"8f85e99"}
[2019-03-13 13:18:24] app.INFO: Home page action dispatched [] {"uid":"8b37671"}
[2019-03-13 15:07:06] app.INFO: Home page action dispatched [] {"uid":"5f617ac"}
[2019-03-13 15:07:09] app.INFO: Register page action dispatched [] {"uid":"478a486"}
[2019-03-13 20:09:04] app.INFO: Home page action dispatched [] {"uid":"06ab090"}
[2019-03-14 08:53:34] app.INFO: Home page action dispatched [] {"uid":"d04f1cf"}
[2019-03-14 08:53:39] app.INFO: Register page action dispatched [] {"uid":"5b8c602"}
[2019-03-14 08:53:42] app.INFO: Home page action dispatched [] {"uid":"d33a21e"}
[2019-03-14 09:00:08] app.INFO: Register page action dispatched [] {"uid":"12618e8"}
[2019-03-14 09:00:11] app.INFO: Register page action dispatched [] {"uid":"a6a2c68"}
[2019-03-14 09:01:31] app.INFO: Home page action dispatched [] {"uid":"54ebc01"}
[2019-03-14 09:12:56] app.INFO: Home page action dispatched [] {"uid":"b50fbdf"}
[2019-03-14 09:14:51] app.INFO: Home page action dispatched [] {"uid":"f43f26f"}
[2019-03-14 09:15:05] app.INFO: Home page action dispatched [] {"uid":"32839a7"}
[2019-03-14 09:16:15] app.INFO: Home page action dispatched [] {"uid":"98fa485"}
[2019-03-14 09:16:30] app.INFO: Home page action dispatched [] {"uid":"0ded1ff"}
[2019-03-14 09:17:34] app.INFO: Home page action dispatched [] {"uid":"64e5d72"}
[2019-03-14 09:18:06] app.INFO: Home page action dispatched [] {"uid":"16bb1ff"}
[2019-03-14 09:18:27] app.INFO: Home page action dispatched [] {"uid":"824d4c5"}
[2019-03-14 09:18:53] app.INFO: Home page action dispatched [] {"uid":"8b2708b"}
[2019-03-14 09:24:53] app.INFO: Home page action dispatched [] {"uid":"594a74e"}
[2019-03-14 09:25:21] app.INFO: Connexion page action dispatched [] {"uid":"56de155"}
[2019-03-14 09:25:25] app.INFO: Connect action dispatched [] {"uid":"533f905"}
[2019-03-14 09:25:25] app.INFO: Home page action dispatched [] {"uid":"0dedb37"}
[2019-03-14 09:25:28] app.INFO: Home page action dispatched [] {"uid":"992973a"}
[2019-03-14 09:25:30] app.INFO: Dashboard user page action dispatched [] {"uid":"941ce6a"}
[2019-03-14 09:25:31] app.INFO: Dashboard categories page action dispatched [] {"uid":"94f7b70"}
[2019-03-14 09:25:33] app.INFO: Dashboard categories page action dispatched [] {"uid":"9d37640"}
[2019-03-14 09:25:34] app.INFO: Dashboard categories page action dispatched [] {"uid":"321c560"}
[2019-03-14 09:25:36] app.INFO: Dashboard categories page action dispatched [] {"uid":"60d57e7"}
[2019-03-14 09:25:36] app.INFO: Dashboard categories page action dispatched [] {"uid":"60f5219"}
[2019-03-14 09:25:37] app.INFO: Dashboard categories page action dispatched [] {"uid":"90be337"}
[2019-03-14 09:28:56] app.INFO: Dashboard categories page action dispatched [] {"uid":"9c811f1"}
[2019-03-14 09:28:58] app.INFO: Dashboard categories page action dispatched [] {"uid":"4675391"}
[2019-03-14 09:29:01] app.INFO: Dashboard categories page action dispatched [] {"uid":"021f6d0"}
[2019-03-14 09:29:01] app.INFO: Dashboard categories page action dispatched [] {"uid":"ca61dc2"}
[2019-03-14 09:29:02] app.INFO: Dashboard categories page action dispatched [] {"uid":"c6ed5da"}
[2019-03-14 09:29:10] app.INFO: Dashboard categories page action dispatched [] {"uid":"05add31"}
[2019-03-14 09:29:11] app.INFO: Dashboard categories page action dispatched [] {"uid":"faa5bc9"}
[2019-03-14 09:29:15] app.INFO: Dashboard categories page action dispatched [] {"uid":"6446851"}
[2019-03-14 09:29:19] app.INFO: Home page action dispatched [] {"uid":"082a5c8"}
[2019-03-14 09:29:39] app.INFO: Home page action dispatched [] {"uid":"59c3fe7"}
[2019-03-14 09:34:21] app.INFO: Home page action dispatched [] {"uid":"f08fab1"}
[2019-03-14 09:35:53] app.INFO: Home page action dispatched [] {"uid":"bd921d5"}
[2019-03-14 09:35:54] app.INFO: Home page action dispatched [] {"uid":"fa2fde8"}
[2019-03-14 09:36:52] app.INFO: Home page action dispatched [] {"uid":"13f7429"}
[2019-03-14 09:37:13] app.INFO: Home page action dispatched [] {"uid":"2f58112"}
[2019-03-14 09:37:23] app.INFO: Home page action dispatched [] {"uid":"9d090c5"}
[2019-03-14 09:37:26] app.INFO: Home page action dispatched [] {"uid":"eea81ce"}
[2019-03-14 09:37:27] app.INFO: Dashboard user page action dispatched [] {"uid":"427e5db"}
[2019-03-14 09:37:28] app.INFO: Dashboard user page action dispatched [] {"uid":"92e6d3b"}
[2019-03-14 09:37:29] app.INFO: Dashboard categories page action dispatched [] {"uid":"9833704"}
[2019-03-14 09:37:30] app.INFO: Dashboard user page action dispatched [] {"uid":"b50fc93"}
[2019-03-14 09:37:30] app.INFO: Dashboard categories page action dispatched [] {"uid":"5a55080"}
[2019-03-14 09:37:31] app.INFO: Dashboard user page action dispatched [] {"uid":"a43723b"}
[2019-03-14 09:37:32] app.INFO: Dashboard user page action dispatched [] {"uid":"24f34c6"}
[2019-03-14 09:37:33] app.INFO: Home page action dispatched [] {"uid":"bfa9a0e"}
[2019-03-14 09:37:39] app.INFO: Dashboard user page action dispatched [] {"uid":"0e9969a"}
[2019-03-14 09:37:40] app.INFO: Dashboard user page action dispatched [] {"uid":"7387f70"}
[2019-03-14 09:37:40] app.INFO: Dashboard categories page action dispatched [] {"uid":"8291bd6"}
[2019-03-14 09:37:41] app.INFO: Dashboard user page action dispatched [] {"uid":"84835b1"}
[2019-03-14 09:37:57] app.INFO: Home page action dispatched [] {"uid":"a27ec62"}
[2019-03-14 09:57:31] app.INFO: Home page action dispatched [] {"uid":"d859e1a"}
[2019-03-14 09:57:37] app.INFO: Home page action dispatched [] {"uid":"0db7c9d"}
[2019-03-14 10:27:44] app.INFO: Home page action dispatched [] {"uid":"0156b50"}
[2019-03-14 10:27:45] app.INFO: Home page action dispatched [] {"uid":"23f33c3"}
[2019-03-14 10:28:24] app.INFO: Home page action dispatched [] {"uid":"61b5f20"}
[2019-03-14 10:28:29] app.INFO: Home page action dispatched [] {"uid":"b6faddf"}
[2019-03-14 10:28:31] app.INFO: Dashboard categories page action dispatched [] {"uid":"32bead7"}
[2019-03-14 10:28:34] app.INFO: Dashboard categories page action dispatched [] {"uid":"eb02fa1"}
[2019-03-14 10:28:38] app.INFO: Dashboard categories page action dispatched [] {"uid":"2c27a6b"}
[2019-03-14 10:28:46] app.INFO: Dashboard categories page action dispatched [] {"uid":"8081c49"}
[2019-03-14 10:28:50] app.INFO: Dashboard user page action dispatched [] {"uid":"dc4d28f"}
[2019-03-14 10:29:04] app.INFO: Dashboard user page action dispatched [] {"uid":"29e73be"}
[2019-03-14 10:29:05] app.INFO: Dashboard user page action dispatched [] {"uid":"954a5e5"}
[2019-03-14 10:29:06] app.INFO: Dashboard user page action dispatched [] {"uid":"491f97a"}
[2019-03-14 10:29:06] app.INFO: Dashboard user page action dispatched [] {"uid":"dba1011"}
[2019-03-14 10:33:30] app.INFO: Dashboard categories page action dispatched [] {"uid":"66e6796"}
